<?xml version="1.0" ?>
<coverage version="7.13.5" timestamp="1778555826686" lines-valid="26" lines-covered="4" line-rate="0.1538" branches-covered="0" branches-valid="0" branch-rate="0" complexity="0">
	<!-- Generated by coverage.py: https://coverage.readthedocs.io/en/7.13.5 -->
	<!-- Based on https://raw.githubusercontent.com/cobertura/web/master/htdocs/xml/coverage-04.dtd -->
	<sources>
		<source>C:\Users\mrc\Desktop\projeto do semestre\Projeto-Semestral-ENGSOF2\src</source>
	</sources>
	<packages>
		<package name="python_pdm_template" line-rate="0.1538" branch-rate="0" complexity="0">
			<classes>
				<class name="__init__.py" filename="python_pdm_template/__init__.py" complexity="0" line-rate="1" branch-rate="0">
					<methods/>
					<lines/>
				</class>
				<class name="__main__.py" filename="python_pdm_template/__main__.py" complexity="0" line-rate="0" branch-rate="0">
					<methods/>
					<lines>
						<line number="20" hits="0"/>
						<line number="23" hits="0"/>
						<line number="25" hits="0"/>
						<line number="26" hits="0"/>
						<line number="27" hits="0"/>
						<line number="28" hits="0"/>
						<line number="32" hits="0"/>
						<line number="33" hits="0"/>
					</lines>
				</class>
				<class name="converter.py" filename="python_pdm_template/converter.py" complexity="0" line-rate="1" branch-rate="0">
					<methods/>
					<lines>
						<line number="1" hits="1"/>
						<line number="3" hits="1"/>
						<line number="5" hits="1"/>
						<line number="7" hits="1"/>
					</lines>
				</class>
				<class name="utils.py" filename="python_pdm_template/utils.py" complexity="0" line-rate="0" branch-rate="0">
					<methods/>
					<lines>
						<line number="2" hits="0"/>
						<line number="4" hits="0"/>
						<line number="13" hits="0"/>
						<line number="21" hits="0"/>
						<line number="24" hits="0"/>
						<line number="26" hits="0"/>
						<line number="27" hits="0"/>
						<line number="29" hits="0"/>
						<line number="31" hits="0"/>
						<line number="33" hits="0"/>
						<line number="34" hits="0"/>
						<line number="36" hits="0"/>
						<line number="39" hits="0"/>
						<line number="45" hits="0"/>
					</lines>
				</class>
			</classes>
		</package>
	</packages>
</coverage>
